<?xml version="1.0" encoding="UTF-8"?>
<!-- Generated by org.testng.reporters.JUnitReportReporter -->
<testsuite hostname="Sooraj" failures="0" tests="5" name="TestCases.DashBoardPageTest" time="51.444" errors="0" timestamp="2022-08-16T22:08:22 IST" skipped="1">
  <testcase classname="TestCases.DashBoardPageTest" name="verifyemailIdtest" time="9.372"/>
  <testcase classname="TestCases.DashBoardPageTest" name="verifyUsernameTest" time="15.597"/>
  <testcase classname="TestCases.DashBoardPageTest" name="verifyuserIdTest" time="12.844"/>
  <testcase classname="TestCases.DashBoardPageTest" name="verifyNicknameTest" time="13.631"/>
  <testcase classname="TestCases.DashBoardPageTest" name="verifyactivateBtnLabelTest">
    <skipped/>
  </testcase> <!-- verifyactivateBtnLabelTest -->
</testsuite> <!-- TestCases.DashBoardPageTest -->
