<?xml version="1.0" encoding="UTF-8"?>
<!-- Generated by org.testng.reporters.JUnitReportReporter -->
<testsuite hostname="Sooraj" failures="0" tests="1" name="TestCases.CaptureScreenshot" time="6.365" errors="0" timestamp="2022-08-21T14:35:47 IST" skipped="0">
  <testcase classname="TestCases.CaptureScreenshot" name="verifyAppTitleTest" time="6.365"/>
</testsuite> <!-- TestCases.CaptureScreenshot -->
