<?xml version="1.0" encoding="UTF-8"?>
<!-- Generated by org.testng.reporters.JUnitReportReporter -->
<testsuite hostname="Sooraj" failures="0" tests="1" name="TestCases.AllAnnotationTest" time="0.009" errors="0" timestamp="2022-08-16T22:08:22 IST" skipped="0">
  <testcase classname="TestCases.AllAnnotationTest" name="test5" time="0.009"/>
</testsuite> <!-- TestCases.AllAnnotationTest -->
