<?xml version="1.0" encoding="UTF-8"?>
<!-- Generated by org.testng.reporters.JUnitReportReporter -->
<testsuite hostname="Sooraj" failures="0" tests="1" name="TestCases.LoginPageTest" time="6.096" errors="0" timestamp="2022-08-21T12:53:20 IST" skipped="0">
  <testcase classname="TestCases.LoginPageTest" name="verifyKiteLabelTest" time="6.096"/>
</testsuite> <!-- TestCases.LoginPageTest -->
